  Actor.cpp
C:\Users\miche\OneDrive\Documents\School\CS32\Kontagion-skeleton-windows\Kontagion\Kontagion\Actor.h(70,19): warning C4150: deletion of pointer to incomplete type 'StudentWorld'; no destructor called
C:\Users\miche\OneDrive\Documents\School\CS32\Kontagion-skeleton-windows\Kontagion\Kontagion\Actor.h(8): message : see declaration of 'StudentWorld'
C:\Users\miche\OneDrive\Documents\School\CS32\Kontagion-skeleton-windows\Kontagion\Kontagion\StudentWorld.h(47,42): warning C4244: 'argument': conversion from 'double' to 'int', possible loss of data
C:\Users\miche\OneDrive\Documents\School\CS32\Kontagion-skeleton-windows\Kontagion\Kontagion\StudentWorld.h(47,39): warning C4244: 'argument': conversion from 'double' to 'int', possible loss of data
C:\Users\miche\OneDrive\Documents\School\CS32\Kontagion-skeleton-windows\Kontagion\Kontagion\StudentWorld.h(47,33): warning C4244: 'argument': conversion from 'double' to 'int', possible loss of data
C:\Users\miche\OneDrive\Documents\School\CS32\Kontagion-skeleton-windows\Kontagion\Kontagion\StudentWorld.h(47,27): warning C4244: 'argument': conversion from 'double' to 'int', possible loss of data
C:\Users\miche\OneDrive\Documents\School\CS32\Kontagion-skeleton-windows\Kontagion\Kontagion\StudentWorld.h(61,23): warning C4244: 'initializing': conversion from 'double' to 'int', possible loss of data
C:\Users\miche\OneDrive\Documents\School\CS32\Kontagion-skeleton-windows\Kontagion\Kontagion\StudentWorld.h(61,42): warning C4244: 'initializing': conversion from 'double' to 'int', possible loss of data
C:\Users\miche\OneDrive\Documents\School\CS32\Kontagion-skeleton-windows\Kontagion\Kontagion\StudentWorld.h(62,54): warning C4244: 'argument': conversion from 'double' to 'int', possible loss of data
C:\Users\miche\OneDrive\Documents\School\CS32\Kontagion-skeleton-windows\Kontagion\Kontagion\StudentWorld.h(62,41): warning C4244: 'argument': conversion from 'double' to 'int', possible loss of data
C:\Users\miche\OneDrive\Documents\School\CS32\Kontagion-skeleton-windows\Kontagion\Kontagion\StudentWorld.h(90,19): warning C4244: 'initializing': conversion from 'double' to 'int', possible loss of data
C:\Users\miche\OneDrive\Documents\School\CS32\Kontagion-skeleton-windows\Kontagion\Kontagion\StudentWorld.h(90,38): warning C4244: 'initializing': conversion from 'double' to 'int', possible loss of data
C:\Users\miche\OneDrive\Documents\School\CS32\Kontagion-skeleton-windows\Kontagion\Kontagion\StudentWorld.h(93,49): warning C4244: 'argument': conversion from 'double' to 'int', possible loss of data
C:\Users\miche\OneDrive\Documents\School\CS32\Kontagion-skeleton-windows\Kontagion\Kontagion\StudentWorld.h(93,41): warning C4244: 'argument': conversion from 'double' to 'int', possible loss of data
C:\Users\miche\OneDrive\Documents\School\CS32\Kontagion-skeleton-windows\Kontagion\Kontagion\StudentWorld.h(110,23): warning C4244: 'initializing': conversion from 'double' to 'int', possible loss of data
C:\Users\miche\OneDrive\Documents\School\CS32\Kontagion-skeleton-windows\Kontagion\Kontagion\StudentWorld.h(110,42): warning C4244: 'initializing': conversion from 'double' to 'int', possible loss of data
C:\Users\miche\OneDrive\Documents\School\CS32\Kontagion-skeleton-windows\Kontagion\Kontagion\StudentWorld.h(111,54): warning C4244: 'argument': conversion from 'double' to 'int', possible loss of data
C:\Users\miche\OneDrive\Documents\School\CS32\Kontagion-skeleton-windows\Kontagion\Kontagion\StudentWorld.h(111,41): warning C4244: 'argument': conversion from 'double' to 'int', possible loss of data
C:\Users\miche\OneDrive\Documents\School\CS32\Kontagion-skeleton-windows\Kontagion\Kontagion\Actor.cpp(77,17): warning C4244: 'initializing': conversion from 'double' to 'Direction', possible loss of data
C:\Users\miche\OneDrive\Documents\School\CS32\Kontagion-skeleton-windows\Kontagion\Kontagion\Actor.cpp(194,14): warning C4102: 'case2': unreferenced label
C:\Users\miche\OneDrive\Documents\School\CS32\Kontagion-skeleton-windows\Kontagion\Kontagion\Actor.cpp(355,55): warning C4244: 'argument': conversion from 'double' to 'int', possible loss of data
C:\Users\miche\OneDrive\Documents\School\CS32\Kontagion-skeleton-windows\Kontagion\Kontagion\Actor.cpp(355,47): warning C4244: 'argument': conversion from 'double' to 'int', possible loss of data
  StudentWorld.cpp
C:\Users\miche\OneDrive\Documents\School\CS32\Kontagion-skeleton-windows\Kontagion\Kontagion\Actor.h(70,19): warning C4150: deletion of pointer to incomplete type 'StudentWorld'; no destructor called
C:\Users\miche\OneDrive\Documents\School\CS32\Kontagion-skeleton-windows\Kontagion\Kontagion\Actor.h(8): message : see declaration of 'StudentWorld'
C:\Users\miche\OneDrive\Documents\School\CS32\Kontagion-skeleton-windows\Kontagion\Kontagion\StudentWorld.h(47,42): warning C4244: 'argument': conversion from 'double' to 'int', possible loss of data
C:\Users\miche\OneDrive\Documents\School\CS32\Kontagion-skeleton-windows\Kontagion\Kontagion\StudentWorld.h(47,39): warning C4244: 'argument': conversion from 'double' to 'int', possible loss of data
C:\Users\miche\OneDrive\Documents\School\CS32\Kontagion-skeleton-windows\Kontagion\Kontagion\StudentWorld.h(47,33): warning C4244: 'argument': conversion from 'double' to 'int', possible loss of data
C:\Users\miche\OneDrive\Documents\School\CS32\Kontagion-skeleton-windows\Kontagion\Kontagion\StudentWorld.h(47,27): warning C4244: 'argument': conversion from 'double' to 'int', possible loss of data
C:\Users\miche\OneDrive\Documents\School\CS32\Kontagion-skeleton-windows\Kontagion\Kontagion\StudentWorld.h(61,23): warning C4244: 'initializing': conversion from 'double' to 'int', possible loss of data
C:\Users\miche\OneDrive\Documents\School\CS32\Kontagion-skeleton-windows\Kontagion\Kontagion\StudentWorld.h(61,42): warning C4244: 'initializing': conversion from 'double' to 'int', possible loss of data
C:\Users\miche\OneDrive\Documents\School\CS32\Kontagion-skeleton-windows\Kontagion\Kontagion\StudentWorld.h(62,54): warning C4244: 'argument': conversion from 'double' to 'int', possible loss of data
C:\Users\miche\OneDrive\Documents\School\CS32\Kontagion-skeleton-windows\Kontagion\Kontagion\StudentWorld.h(62,41): warning C4244: 'argument': conversion from 'double' to 'int', possible loss of data
C:\Users\miche\OneDrive\Documents\School\CS32\Kontagion-skeleton-windows\Kontagion\Kontagion\StudentWorld.h(90,19): warning C4244: 'initializing': conversion from 'double' to 'int', possible loss of data
C:\Users\miche\OneDrive\Documents\School\CS32\Kontagion-skeleton-windows\Kontagion\Kontagion\StudentWorld.h(90,38): warning C4244: 'initializing': conversion from 'double' to 'int', possible loss of data
C:\Users\miche\OneDrive\Documents\School\CS32\Kontagion-skeleton-windows\Kontagion\Kontagion\StudentWorld.h(93,49): warning C4244: 'argument': conversion from 'double' to 'int', possible loss of data
C:\Users\miche\OneDrive\Documents\School\CS32\Kontagion-skeleton-windows\Kontagion\Kontagion\StudentWorld.h(93,41): warning C4244: 'argument': conversion from 'double' to 'int', possible loss of data
C:\Users\miche\OneDrive\Documents\School\CS32\Kontagion-skeleton-windows\Kontagion\Kontagion\StudentWorld.h(110,23): warning C4244: 'initializing': conversion from 'double' to 'int', possible loss of data
C:\Users\miche\OneDrive\Documents\School\CS32\Kontagion-skeleton-windows\Kontagion\Kontagion\StudentWorld.h(110,42): warning C4244: 'initializing': conversion from 'double' to 'int', possible loss of data
C:\Users\miche\OneDrive\Documents\School\CS32\Kontagion-skeleton-windows\Kontagion\Kontagion\StudentWorld.h(111,54): warning C4244: 'argument': conversion from 'double' to 'int', possible loss of data
C:\Users\miche\OneDrive\Documents\School\CS32\Kontagion-skeleton-windows\Kontagion\Kontagion\StudentWorld.h(111,41): warning C4244: 'argument': conversion from 'double' to 'int', possible loss of data
C:\Users\miche\OneDrive\Documents\School\CS32\Kontagion-skeleton-windows\Kontagion\Kontagion\StudentWorld.cpp(27,16): warning C4244: 'return': conversion from 'double' to 'int', possible loss of data
C:\Users\miche\OneDrive\Documents\School\CS32\Kontagion-skeleton-windows\Kontagion\Kontagion\StudentWorld.cpp(33,23): warning C4018: '<': signed/unsigned mismatch
C:\Users\miche\OneDrive\Documents\School\CS32\Kontagion-skeleton-windows\Kontagion\Kontagion\StudentWorld.cpp(41,73): warning C4244: 'argument': conversion from 'double' to 'int', possible loss of data
C:\Users\miche\OneDrive\Documents\School\CS32\Kontagion-skeleton-windows\Kontagion\Kontagion\StudentWorld.cpp(41,60): warning C4244: 'argument': conversion from 'double' to 'int', possible loss of data
  Generating Code...
  Kontagion.vcxproj -> C:\Users\miche\OneDrive\Documents\School\CS32\Kontagion-skeleton-windows\Kontagion\Debug\Kontagion.exe
